<?xml version="1.0" encoding="utf-8"?><testsuites name="pytest tests"><testsuite name="pytest" errors="0" failures="0" skipped="0" tests="66" time="2.578" timestamp="2026-07-22T17:44:22.102590+00:00" hostname="agent-env-3bb2c527-709b-45f0-8d75-29ef1ff091e2"><testcase classname="tests.test_media_cloud" name="test_media_detect_kind" time="0.081" /><testcase classname="tests.test_media_cloud" name="test_media_add_copies_and_registers" time="0.034" /><testcase classname="tests.test_media_cloud" name="test_media_add_move_deletes_source" time="0.035" /><testcase classname="tests.test_media_cloud" name="test_media_add_rejects_missing_file" time="0.027" /><testcase classname="tests.test_media_cloud" name="test_media_list_and_filter" time="0.047" /><testcase classname="tests.test_media_cloud" name="test_media_attach_and_remove" time="0.043" /><testcase classname="tests.test_media_cloud" name="test_media_remove_keep_file" time="0.038" /><testcase classname="tests.test_media_cloud" name="test_media_capture_requires_termux_api" time="0.025" /><testcase classname="tests.test_media_cloud" name="test_media_open_without_termux_open" time="0.034" /><testcase classname="tests.test_media_cloud" name="test_media_set_and_clear_cloud" time="0.044" /><testcase classname="tests.test_media_cloud" name="test_cloud_not_configured_by_default" time="0.035" /><testcase classname="tests.test_media_cloud" name="test_cloud_setup_saves_creds" time="0.028" /><testcase classname="tests.test_media_cloud" name="test_cloud_upload_uses_correct_resource_type" time="0.081" /><testcase classname="tests.test_media_cloud" name="test_cloud_upload_skips_already_uploaded" time="0.046" /><testcase classname="tests.test_media_cloud" name="test_cloud_sync_all_reports_summary" time="0.075" /><testcase classname="tests.test_media_cloud" name="test_cloud_destroy_and_clear" time="0.048" /><testcase classname="tests.test_media_cloud" name="test_cloud_download_uses_secure_url" time="0.044" /><testcase classname="tests.test_media_cloud" name="test_cloud_operations_fail_cleanly_without_creds" time="0.023" /><testcase classname="tests.test_media_cloud" name="test_cli_media_add_and_list" time="0.041" /><testcase classname="tests.test_media_cloud" name="test_cli_media_attach_to_session" time="0.065" /><testcase classname="tests.test_media_cloud" name="test_cli_cloud_status_when_not_configured" time="0.033" /><testcase classname="tests.test_media_cloud" name="test_cli_cloud_sync_without_creds_errors" time="0.032" /><testcase classname="tests.test_media_cloud" name="test_heal_includes_media_and_cloud_checks" time="0.105" /><testcase classname="tests.test_media_cloud" name="test_install_script_has_media_and_cloud" time="0.023" /><testcase classname="tests.test_media_cloud" name="test_dispatch_script_maps_new_commands" time="0.024" /><testcase classname="tests.test_media_errors" name="test_media_add_placeholder_path_prints_friendly_error" time="0.033" /><testcase classname="tests.test_media_errors" name="test_media_add_placeholder_startswith_angle_bracket" time="0.032" /><testcase classname="tests.test_media_errors" name="test_media_add_missing_file_prints_tip" time="0.056" /><testcase classname="tests.test_media_errors" name="test_media_add_directory_prints_friendly_error" time="0.034" /><testcase classname="tests.test_media_errors" name="test_media_info_missing_id_prints_friendly_error" time="0.034" /><testcase classname="tests.test_media_errors" name="test_media_rm_missing_id_prints_friendly_error" time="0.033" /><testcase classname="tests.test_media_errors" name="test_media_attach_missing_id_prints_friendly_error" time="0.042" /><testcase classname="tests.test_media_errors" name="test_media_open_missing_id_prints_friendly_error" time="0.037" /><testcase classname="tests.test_media_errors" name="test_media_add_valid_file_still_works" time="0.047" /><testcase classname="tests.test_media_errors" name="test_media_list_empty_shows_helpful_tip" time="0.040" /><testcase classname="tests.test_media_errors" name="test_media_list_after_add_shows_columns" time="0.048" /><testcase classname="tests.test_media_errors" name="test_cloud_status_unconfigured_exits_zero" time="0.034" /><testcase classname="tests.test_media_errors" name="test_cloud_sync_without_creds_exits_one_with_hint" time="0.036" /><testcase classname="tests.test_mytermux" name="test_paths_ensure_dirs" time="0.026" /><testcase classname="tests.test_mytermux" name="test_config_default_and_roundtrip" time="0.029" /><testcase classname="tests.test_mytermux" name="test_config_survives_without_pyyaml" time="0.023" /><testcase classname="tests.test_mytermux" name="test_db_schema_and_sessions" time="0.035" /><testcase classname="tests.test_mytermux" name="test_db_tasks_and_goals" time="0.034" /><testcase classname="tests.test_mytermux" name="test_planner_next_actions_flags_missing_key" time="0.026" /><testcase classname="tests.test_mytermux" name="test_scanner_detects_python_project" time="0.031" /><testcase classname="tests.test_mytermux" name="test_scanner_detects_node_and_git" time="0.032" /><testcase classname="tests.test_mytermux" name="test_tools_is_dangerous" time="0.026" /><testcase classname="tests.test_mytermux" name="test_tools_run_shell" time="0.031" /><testcase classname="tests.test_mytermux" name="test_tools_read_write_file" time="0.026" /><testcase classname="tests.test_mytermux" name="test_heal_diagnose_and_repair" time="0.045" /><testcase classname="tests.test_mytermux" name="test_git_ops_inject_pat_https" time="0.028" /><testcase classname="tests.test_mytermux" name="test_notify_no_termux_api" time="0.028" /><testcase classname="tests.test_mytermux" name="test_export_session_writes_json" time="0.041" /><testcase classname="tests.test_mytermux" name="test_export_config" time="0.027" /><testcase classname="tests.test_mytermux" name="test_export_project_requires_current_project" time="0.024" /><testcase classname="tests.test_mytermux" name="test_export_project_creates_archive" time="0.030" /><testcase classname="tests.test_mytermux" name="test_openrouter_requires_key" time="0.027" /><testcase classname="tests.test_mytermux" name="test_openrouter_fallback_and_streaming" time="0.041" /><testcase classname="tests.test_mytermux" name="test_openrouter_fatal_401_no_fallback" time="0.032" /><testcase classname="tests.test_mytermux" name="test_cli_dashboard_and_status" time="0.047" /><testcase classname="tests.test_mytermux" name="test_cli_scan_registers_project" time="0.043" /><testcase classname="tests.test_mytermux" name="test_cli_fix_runs_ok" time="0.052" /><testcase classname="tests.test_mytermux" name="test_cli_export_session_creates_file" time="0.042" /><testcase classname="tests.test_mytermux" name="test_dispatch_script_name_mapping" time="0.026" /><testcase classname="tests.test_mytermux" name="test_install_script_has_expected_steps" time="0.025" /><testcase classname="tests.test_mytermux" name="test_uninstall_script_has_expected_steps" time="0.026" /></testsuite></testsuites>