<?xml version="1.0" encoding="utf-8"?><testsuites name="pytest tests"><testsuite name="pytest" errors="0" failures="0" skipped="0" tests="130" time="5.353" timestamp="2026-07-22T22:31:13.068080+00:00" hostname="agent-env-3bb2c527-709b-45f0-8d75-29ef1ff091e2"><testcase classname="tests.test_agent" name="test_parse_response_extracts_thought_and_tool" time="0.085" /><testcase classname="tests.test_agent" name="test_parse_response_no_tool" time="0.030" /><testcase classname="tests.test_agent" name="test_parse_response_multiple_thoughts_first_tool_only" time="0.045" /><testcase classname="tests.test_agent" name="test_parse_response_malformed_json_captures_raw" time="0.030" /><testcase classname="tests.test_agent" name="test_parse_response_case_insensitive_tags" time="0.035" /><testcase classname="tests.test_agent" name="test_registry_describe_tools_lists_all" time="0.035" /><testcase classname="tests.test_agent" name="test_registry_unknown_tool_returns_error" time="0.031" /><testcase classname="tests.test_agent" name="test_tool_read_file" time="0.032" /><testcase classname="tests.test_agent" name="test_tool_read_file_missing" time="0.034" /><testcase classname="tests.test_agent" name="test_tool_write_file_creates_and_backs_up" time="0.032" /><testcase classname="tests.test_agent" name="test_tool_list_dir" time="0.033" /><testcase classname="tests.test_agent" name="test_tool_scan_project" time="0.045" /><testcase classname="tests.test_agent" name="test_tool_shell_echo" time="0.035" /><testcase classname="tests.test_agent" name="test_tool_add_task_and_goal" time="0.037" /><testcase classname="tests.test_agent" name="test_tool_add_task_missing_title" time="0.030" /><testcase classname="tests.test_agent" name="test_tool_media_list_empty" time="0.032" /><testcase classname="tests.test_agent" name="test_tool_notify_without_termux_api" time="0.042" /><testcase classname="tests.test_agent" name="test_tool_git_not_a_repo" time="0.028" /><testcase classname="tests.test_agent" name="test_tool_finish_returns_marker" time="0.029" /><testcase classname="tests.test_agent" name="test_tool_web_search_no_httpx" time="0.032" /><testcase classname="tests.test_agent" name="test_tool_web_search_parses_ddg_json" time="0.032" /><testcase classname="tests.test_agent" name="test_is_dangerous_flags_rm_rf" time="0.030" /><testcase classname="tests.test_agent" name="test_is_dangerous_flags_protected_writes" time="0.033" /><testcase classname="tests.test_agent" name="test_is_dangerous_safe_tools" time="0.036" /><testcase classname="tests.test_agent" name="test_agent_single_hop_final_answer" time="0.064" /><testcase classname="tests.test_agent" name="test_agent_uses_tool_then_answers" time="0.044" /><testcase classname="tests.test_agent" name="test_agent_dangerous_tool_gets_denied" time="0.043" /><testcase classname="tests.test_agent" name="test_agent_dangerous_tool_confirmed_runs" time="0.053" /><testcase classname="tests.test_agent" name="test_agent_stops_at_max_hops" time="0.047" /><testcase classname="tests.test_agent" name="test_agent_records_messages_in_session" time="0.042" /><testcase classname="tests.test_agent" name="test_agent_llm_error_is_caught" time="0.045" /><testcase classname="tests.test_agent" name="test_chat_tools_listing_command" time="0.039" /><testcase classname="tests.test_agent" name="test_chat_plain_toggle_works" time="0.047" /><testcase classname="tests.test_agent_edge" name="test_parse_response_tool_with_empty_args_body" time="0.029" /><testcase classname="tests.test_agent_edge" name="test_parse_response_tool_with_whitespace_only_args" time="0.028" /><testcase classname="tests.test_agent_edge" name="test_parse_response_unicode_in_tool_args" time="0.030" /><testcase classname="tests.test_agent_edge" name="test_parse_response_json_array_becomes_raw" time="0.034" /><testcase classname="tests.test_agent_edge" name="test_parse_response_body_strips_only_first_tool" time="0.031" /><testcase classname="tests.test_agent_edge" name="test_parse_response_no_think_no_tool_plain_text" time="0.031" /><testcase classname="tests.test_agent_edge" name="test_is_dangerous_rm_rf_home" time="0.032" /><testcase classname="tests.test_agent_edge" name="test_is_dangerous_config_yaml_suffix" time="0.034" /><testcase classname="tests.test_agent_edge" name="test_is_dangerous_bashrc_suffix" time="0.032" /><testcase classname="tests.test_agent_edge" name="test_is_dangerous_unknown_tool_returns_false" time="0.033" /><testcase classname="tests.test_agent_edge" name="test_tool_read_file_on_directory" time="0.036" /><testcase classname="tests.test_agent_edge" name="test_tool_write_file_missing_parent" time="0.059" /><testcase classname="tests.test_agent_edge" name="test_tool_write_file_first_write_no_backup" time="0.052" /><testcase classname="tests.test_agent_edge" name="test_tool_list_dir_missing" time="0.037" /><testcase classname="tests.test_agent_edge" name="test_tool_list_dir_not_a_directory" time="0.034" /><testcase classname="tests.test_agent_edge" name="test_tool_shell_missing_cmd" time="0.028" /><testcase classname="tests.test_agent_edge" name="test_tool_git_unknown_action" time="0.030" /><testcase classname="tests.test_agent_edge" name="test_tool_add_goal_missing_title" time="0.031" /><testcase classname="tests.test_agent_edge" name="test_tool_web_search_missing_query" time="0.029" /><testcase classname="tests.test_agent_edge" name="test_tool_web_search_httpx_raises" time="0.039" /><testcase classname="tests.test_agent_edge" name="test_tool_web_search_empty_ddg_response" time="0.031" /><testcase classname="tests.test_agent_edge" name="test_tool_registry_run_tool_catches_exception" time="0.041" /><testcase classname="tests.test_agent_edge" name="test_agent_observation_with_angle_brackets_does_not_confuse_next_hop" time="0.044" /><testcase classname="tests.test_agent_edge" name="test_agent_final_answer_without_finish_tool_still_accepted" time="0.045" /><testcase classname="tests.test_agent_edge" name="test_agent_unicode_user_input_and_final" time="0.040" /><testcase classname="tests.test_agent_edge" name="test_agent_conversation_records_final_assistant_message" time="0.044" /><testcase classname="tests.test_agent_edge" name="test_chat_empty_input_is_skipped" time="0.036" /><testcase classname="tests.test_agent_edge" name="test_chat_help_command_prints_all_slash_commands" time="0.036" /><testcase classname="tests.test_agent_edge" name="test_chat_new_session_bumps_id" time="0.044" /><testcase classname="tests.test_agent_edge" name="test_chat_agent_mode_default_calls_run_turn" time="0.037" /><testcase classname="tests.test_agent_edge" name="test_chat_task_and_goal_shortcuts" time="0.042" /><testcase classname="tests.test_media_cloud" name="test_media_detect_kind" time="0.032" /><testcase classname="tests.test_media_cloud" name="test_media_add_copies_and_registers" time="0.041" /><testcase classname="tests.test_media_cloud" name="test_media_add_move_deletes_source" time="0.045" /><testcase classname="tests.test_media_cloud" name="test_media_add_rejects_missing_file" time="0.036" /><testcase classname="tests.test_media_cloud" name="test_media_list_and_filter" time="0.071" /><testcase classname="tests.test_media_cloud" name="test_media_attach_and_remove" time="0.053" /><testcase classname="tests.test_media_cloud" name="test_media_remove_keep_file" time="0.057" /><testcase classname="tests.test_media_cloud" name="test_media_capture_requires_termux_api" time="0.026" /><testcase classname="tests.test_media_cloud" name="test_media_open_without_termux_open" time="0.042" /><testcase classname="tests.test_media_cloud" name="test_media_set_and_clear_cloud" time="0.050" /><testcase classname="tests.test_media_cloud" name="test_cloud_not_configured_by_default" time="0.034" /><testcase classname="tests.test_media_cloud" name="test_cloud_setup_saves_creds" time="0.032" /><testcase classname="tests.test_media_cloud" name="test_cloud_upload_uses_correct_resource_type" time="0.100" /><testcase classname="tests.test_media_cloud" name="test_cloud_upload_skips_already_uploaded" time="0.067" /><testcase classname="tests.test_media_cloud" name="test_cloud_sync_all_reports_summary" time="0.085" /><testcase classname="tests.test_media_cloud" name="test_cloud_destroy_and_clear" time="0.066" /><testcase classname="tests.test_media_cloud" name="test_cloud_download_uses_secure_url" time="0.053" /><testcase classname="tests.test_media_cloud" name="test_cloud_operations_fail_cleanly_without_creds" time="0.032" /><testcase classname="tests.test_media_cloud" name="test_cli_media_add_and_list" time="0.056" /><testcase classname="tests.test_media_cloud" name="test_cli_media_attach_to_session" time="0.056" /><testcase classname="tests.test_media_cloud" name="test_cli_cloud_status_when_not_configured" time="0.037" /><testcase classname="tests.test_media_cloud" name="test_cli_cloud_sync_without_creds_errors" time="0.038" /><testcase classname="tests.test_media_cloud" name="test_heal_includes_media_and_cloud_checks" time="0.103" /><testcase classname="tests.test_media_cloud" name="test_install_script_has_media_and_cloud" time="0.028" /><testcase classname="tests.test_media_cloud" name="test_dispatch_script_maps_new_commands" time="0.027" /><testcase classname="tests.test_media_errors" name="test_media_add_placeholder_path_prints_friendly_error" time="0.035" /><testcase classname="tests.test_media_errors" name="test_media_add_placeholder_startswith_angle_bracket" time="0.036" /><testcase classname="tests.test_media_errors" name="test_media_add_missing_file_prints_tip" time="0.036" /><testcase classname="tests.test_media_errors" name="test_media_add_directory_prints_friendly_error" time="0.038" /><testcase classname="tests.test_media_errors" name="test_media_info_missing_id_prints_friendly_error" time="0.038" /><testcase classname="tests.test_media_errors" name="test_media_rm_missing_id_prints_friendly_error" time="0.039" /><testcase classname="tests.test_media_errors" name="test_media_attach_missing_id_prints_friendly_error" time="0.039" /><testcase classname="tests.test_media_errors" name="test_media_open_missing_id_prints_friendly_error" time="0.037" /><testcase classname="tests.test_media_errors" name="test_media_add_valid_file_still_works" time="0.044" /><testcase classname="tests.test_media_errors" name="test_media_list_empty_shows_helpful_tip" time="0.043" /><testcase classname="tests.test_media_errors" name="test_media_list_after_add_shows_columns" time="0.049" /><testcase classname="tests.test_media_errors" name="test_cloud_status_unconfigured_exits_zero" time="0.042" /><testcase classname="tests.test_media_errors" name="test_cloud_sync_without_creds_exits_one_with_hint" time="0.038" /><testcase classname="tests.test_mytermux" name="test_paths_ensure_dirs" time="0.033" /><testcase classname="tests.test_mytermux" name="test_config_default_and_roundtrip" time="0.034" /><testcase classname="tests.test_mytermux" name="test_config_survives_without_pyyaml" time="0.033" /><testcase classname="tests.test_mytermux" name="test_db_schema_and_sessions" time="0.047" /><testcase classname="tests.test_mytermux" name="test_db_tasks_and_goals" time="0.044" /><testcase classname="tests.test_mytermux" name="test_planner_next_actions_flags_missing_key" time="0.033" /><testcase classname="tests.test_mytermux" name="test_scanner_detects_python_project" time="0.035" /><testcase classname="tests.test_mytermux" name="test_scanner_detects_node_and_git" time="0.037" /><testcase classname="tests.test_mytermux" name="test_tools_is_dangerous" time="0.030" /><testcase classname="tests.test_mytermux" name="test_tools_run_shell" time="0.037" /><testcase classname="tests.test_mytermux" name="test_tools_read_write_file" time="0.030" /><testcase classname="tests.test_mytermux" name="test_heal_diagnose_and_repair" time="0.054" /><testcase classname="tests.test_mytermux" name="test_git_ops_inject_pat_https" time="0.029" /><testcase classname="tests.test_mytermux" name="test_notify_no_termux_api" time="0.031" /><testcase classname="tests.test_mytermux" name="test_export_session_writes_json" time="0.040" /><testcase classname="tests.test_mytermux" name="test_export_config" time="0.033" /><testcase classname="tests.test_mytermux" name="test_export_project_requires_current_project" time="0.030" /><testcase classname="tests.test_mytermux" name="test_export_project_creates_archive" time="0.033" /><testcase classname="tests.test_mytermux" name="test_openrouter_requires_key" time="0.036" /><testcase classname="tests.test_mytermux" name="test_openrouter_fallback_and_streaming" time="0.043" /><testcase classname="tests.test_mytermux" name="test_openrouter_fatal_401_no_fallback" time="0.038" /><testcase classname="tests.test_mytermux" name="test_cli_dashboard_and_status" time="0.051" /><testcase classname="tests.test_mytermux" name="test_cli_scan_registers_project" time="0.057" /><testcase classname="tests.test_mytermux" name="test_cli_fix_runs_ok" time="0.059" /><testcase classname="tests.test_mytermux" name="test_cli_export_session_creates_file" time="0.052" /><testcase classname="tests.test_mytermux" name="test_dispatch_script_name_mapping" time="0.034" /><testcase classname="tests.test_mytermux" name="test_install_script_has_expected_steps" time="0.034" /><testcase classname="tests.test_mytermux" name="test_uninstall_script_has_expected_steps" time="0.029" /></testsuite></testsuites>